# JRE version: OpenJDK Runtime Environment (17.0.9) (build 17.0.9+0--11185874)
# Java VM: OpenJDK 64-Bit Server VM (17.0.9+0--11185874, mixed mode, tiered, compressed oops, compressed class ptrs, g1 gc, windows-amd64)
GC Precious Log:
 CPUs: 8 total, 8 available
 Memory: 16206M
 Large Page Support: Disabled
 NUMA Support: Disabled
 Compressed Oops: Enabled (32-bit)
 Heap Region Size: 1M
 Heap Min Capacity: 8M
 Heap Initial Capacity: 254M
 Heap Max Capacity: 1G
 Pre-touch: Disabled
 Parallel Workers: 8
 Concurrent Workers: 2
 Concurrent Refinement Workers: 8
 Periodic GC: Disabled
Heap:
 garbage-first heap   total 183296K, used 119217K [0x00000000c0000000, 0x0000000100000000)
  region size 1024K, 19 young (19456K), 1 survivors (1024K)
 Metaspace       used 83278K, committed 84032K, reserved 1179648K
  class space    used 11289K, committed 11648K, reserved 1048576K
GC Heap History (20 events):
Event: 20.311 GC heap before
{Heap before GC invocations=36 (full 0):
 garbage-first heap   total 130048K, used 105217K [0x00000000c0000000, 0x0000000100000000)
  region size 1024K, 20 young (20480K), 1 survivors (1024K)
 Metaspace       used 63935K, committed 64640K, reserved 1114112K
  class space    used 8691K, committed 9024K, reserved 1048576K
}
Event: 20.313 GC heap after
{Heap after GC invocations=37 (full 0):
 garbage-first heap   total 130048K, used 86204K [0x00000000c0000000, 0x0000000100000000)
  region size 1024K, 1 young (1024K), 1 survivors (1024K)
 Metaspace       used 63935K, committed 64640K, reserved 1114112K
  class space    used 8691K, committed 9024K, reserved 1048576K
}
Event: 21.261 GC heap before
{Heap before GC invocations=38 (full 0):
 garbage-first heap   total 150528K, used 105660K [0x00000000c0000000, 0x0000000100000000)
  region size 1024K, 21 young (21504K), 1 survivors (1024K)
 Metaspace       used 65876K, committed 66560K, reserved 1114112K
  class space    used 8907K, committed 9216K, reserved 1048576K
}
Event: 21.263 GC heap after
{Heap after GC invocations=39 (full 0):
 garbage-first heap   total 150528K, used 86750K [0x00000000c0000000, 0x0000000100000000)
  region size 1024K, 2 young (2048K), 2 survivors (2048K)
 Metaspace       used 65876K, committed 66560K, reserved 1114112K
  class space    used 8907K, committed 9216K, reserved 1048576K
}
Event: 21.495 GC heap before
{Heap before GC invocations=39 (full 0):
 garbage-first heap   total 150528K, used 91870K [0x00000000c0000000, 0x0000000100000000)
  region size 1024K, 7 young (7168K), 2 survivors (2048K)
 Metaspace       used 66363K, committed 67072K, reserved 1114112K
  class space    used 8965K, committed 9280K, reserved 1048576K
}
Event: 21.503 GC heap after
{Heap after GC invocations=40 (full 0):
 garbage-first heap   total 150528K, used 86473K [0x00000000c0000000, 0x0000000100000000)
  region size 1024K, 1 young (1024K), 1 survivors (1024K)
 Metaspace       used 66363K, committed 67072K, reserved 1114112K
  class space    used 8965K, committed 9280K, reserved 1048576K
}
Event: 22.972 GC heap before
{Heap before GC invocations=40 (full 0):
 garbage-first heap   total 150528K, used 122313K [0x00000000c0000000, 0x0000000100000000)
  region size 1024K, 36 young (36864K), 1 survivors (1024K)
 Metaspace       used 70833K, committed 71552K, reserved 1114112K
  class space    used 9571K, committed 9920K, reserved 1048576K
}
Event: 22.975 GC heap after
{Heap after GC invocations=41 (full 0):
 garbage-first heap   total 150528K, used 88773K [0x00000000c0000000, 0x0000000100000000)
  region size 1024K, 3 young (3072K), 3 survivors (3072K)
 Metaspace       used 70833K, committed 71552K, reserved 1114112K
  class space    used 9571K, committed 9920K, reserved 1048576K
}
Event: 23.682 GC heap before
{Heap before GC invocations=42 (full 0):
 garbage-first heap   total 152576K, used 129733K [0x00000000c0000000, 0x0000000100000000)
  region size 1024K, 37 young (37888K), 3 survivors (3072K)
 Metaspace       used 72423K, committed 73152K, reserved 1114112K
  class space    used 9792K, committed 10112K, reserved 1048576K
}
Event: 23.687 GC heap after
{Heap after GC invocations=43 (full 0):
 garbage-first heap   total 152576K, used 91759K [0x00000000c0000000, 0x0000000100000000)
  region size 1024K, 5 young (5120K), 5 survivors (5120K)
 Metaspace       used 72423K, committed 73152K, reserved 1114112K
  class space    used 9792K, committed 10112K, reserved 1048576K
}
Event: 23.734 GC heap before
{Heap before GC invocations=43 (full 0):
 garbage-first heap   total 152576K, used 93807K [0x00000000c0000000, 0x0000000100000000)
  region size 1024K, 7 young (7168K), 5 survivors (5120K)
 Metaspace       used 72532K, committed 73216K, reserved 1114112K
  class space    used 9814K, committed 10112K, reserved 1048576K
}
Event: 23.739 GC heap after
{Heap after GC invocations=44 (full 0):
 garbage-first heap   total 152576K, used 92531K [0x00000000c0000000, 0x0000000100000000)
  region size 1024K, 1 young (1024K), 1 survivors (1024K)
 Metaspace       used 72532K, committed 73216K, reserved 1114112K
  class space    used 9814K, committed 10112K, reserved 1048576K
}
Event: 24.312 GC heap before
{Heap before GC invocations=44 (full 0):
 garbage-first heap   total 152576K, used 125299K [0x00000000c0000000, 0x0000000100000000)
  region size 1024K, 33 young (33792K), 1 survivors (1024K)
 Metaspace       used 74812K, committed 75520K, reserved 1179648K
  class space    used 10106K, committed 10432K, reserved 1048576K
}
Event: 24.314 GC heap after
{Heap after GC invocations=45 (full 0):
 garbage-first heap   total 183296K, used 93587K [0x00000000c0000000, 0x0000000100000000)
  region size 1024K, 2 young (2048K), 2 survivors (2048K)
 Metaspace       used 74812K, committed 75520K, reserved 1179648K
  class space    used 10106K, committed 10432K, reserved 1048576K
}
Event: 24.694 GC heap before
{Heap before GC invocations=45 (full 0):
 garbage-first heap   total 183296K, used 105875K [0x00000000c0000000, 0x0000000100000000)
  region size 1024K, 15 young (15360K), 2 survivors (2048K)
 Metaspace       used 76700K, committed 77376K, reserved 1179648K
  class space    used 10373K, committed 10688K, reserved 1048576K
}
Event: 24.698 GC heap after
{Heap after GC invocations=46 (full 0):
 garbage-first heap   total 183296K, used 94406K [0x00000000c0000000, 0x0000000100000000)
  region size 1024K, 3 young (3072K), 3 survivors (3072K)
 Metaspace       used 76700K, committed 77376K, reserved 1179648K
  class space    used 10373K, committed 10688K, reserved 1048576K
}
Event: 26.048 GC heap before
{Heap before GC invocations=47 (full 0):
 garbage-first heap   total 183296K, used 154822K [0x00000000c0000000, 0x0000000100000000)
  region size 1024K, 58 young (59392K), 3 survivors (3072K)
 Metaspace       used 82067K, committed 82816K, reserved 1179648K
  class space    used 11124K, committed 11456K, reserved 1048576K
}
Event: 26.054 GC heap after
{Heap after GC invocations=48 (full 0):
 garbage-first heap   total 183296K, used 101306K [0x00000000c0000000, 0x0000000100000000)
  region size 1024K, 6 young (6144K), 6 survivors (6144K)
 Metaspace       used 82067K, committed 82816K, reserved 1179648K
  class space    used 11124K, committed 11456K, reserved 1048576K
}
Event: 26.090 GC heap before
{Heap before GC invocations=48 (full 0):
 garbage-first heap   total 183296K, used 102330K [0x00000000c0000000, 0x0000000100000000)
  region size 1024K, 8 young (8192K), 6 survivors (6144K)
 Metaspace       used 82230K, committed 82944K, reserved 1179648K
  class space    used 11142K, committed 11456K, reserved 1048576K
}
Event: 26.095 GC heap after
{Heap after GC invocations=49 (full 0):
 garbage-first heap   total 183296K, used 101809K [0x00000000c0000000, 0x0000000100000000)
  region size 1024K, 1 young (1024K), 1 survivors (1024K)
 Metaspace       used 82230K, committed 82944K, reserved 1179648K
  class space    used 11142K, committed 11456K, reserved 1048576K
}

