# JRE version: OpenJDK Runtime Environment (17.0.9) (build 17.0.9+0--11185874)
# Java VM: OpenJDK 64-Bit Server VM (17.0.9+0--11185874, mixed mode, tiered, compressed oops, compressed class ptrs, g1 gc, windows-amd64)
GC Precious Log:
 CPUs: 8 total, 8 available
 Memory: 16206M
 Large Page Support: Disabled
 NUMA Support: Disabled
 Compressed Oops: Enabled (32-bit)
 Heap Region Size: 1M
 Heap Min Capacity: 8M
 Heap Initial Capacity: 254M
 Heap Max Capacity: 2G
 Pre-touch: Disabled
 Parallel Workers: 8
 Concurrent Workers: 2
 Concurrent Refinement Workers: 8
 Periodic GC: Disabled
Heap:
 garbage-first heap   total 432128K, used 302392K [0x0000000080000000, 0x0000000100000000)
  region size 1024K, 72 young (73728K), 3 survivors (3072K)
 Metaspace       used 171036K, committed 172800K, reserved 1245184K
  class space    used 23603K, committed 24448K, reserved 1048576K
GC Heap History (20 events):
Event: 238.851 GC heap before
{Heap before GC invocations=88 (full 0):
 garbage-first heap   total 423936K, used 239594K [0x0000000080000000, 0x0000000100000000)
  region size 1024K, 20 young (20480K), 4 survivors (4096K)
 Metaspace       used 168210K, committed 169536K, reserved 1245184K
  class space    used 23324K, committed 24000K, reserved 1048576K
}
Event: 238.862 GC heap after
{Heap after GC invocations=89 (full 0):
 garbage-first heap   total 423936K, used 221478K [0x0000000080000000, 0x0000000100000000)
  region size 1024K, 3 young (3072K), 3 survivors (3072K)
 Metaspace       used 168210K, committed 169536K, reserved 1245184K
  class space    used 23324K, committed 24000K, reserved 1048576K
}
Event: 293.770 GC heap before
{Heap before GC invocations=89 (full 0):
 garbage-first heap   total 423936K, used 361766K [0x0000000080000000, 0x0000000100000000)
  region size 1024K, 141 young (144384K), 3 survivors (3072K)
 Metaspace       used 168782K, committed 170176K, reserved 1245184K
  class space    used 23372K, committed 24064K, reserved 1048576K
}
Event: 293.778 GC heap after
{Heap after GC invocations=90 (full 0):
 garbage-first heap   total 423936K, used 226919K [0x0000000080000000, 0x0000000100000000)
  region size 1024K, 9 young (9216K), 9 survivors (9216K)
 Metaspace       used 168782K, committed 170176K, reserved 1245184K
  class space    used 23372K, committed 24064K, reserved 1048576K
}
Event: 329.782 GC heap before
{Heap before GC invocations=91 (full 0):
 garbage-first heap   total 423936K, used 393357K [0x0000000080000000, 0x0000000100000000)
  region size 1024K, 139 young (142336K), 9 survivors (9216K)
 Metaspace       used 168995K, committed 170368K, reserved 1245184K
  class space    used 23376K, committed 24064K, reserved 1048576K
}
Event: 329.786 GC heap after
{Heap after GC invocations=92 (full 0):
 garbage-first heap   total 423936K, used 219810K [0x0000000080000000, 0x0000000100000000)
  region size 1024K, 2 young (2048K), 2 survivors (2048K)
 Metaspace       used 168995K, committed 170368K, reserved 1245184K
  class space    used 23376K, committed 24064K, reserved 1048576K
}
Event: 329.895 GC heap before
{Heap before GC invocations=92 (full 0):
 garbage-first heap   total 423936K, used 238242K [0x0000000080000000, 0x0000000100000000)
  region size 1024K, 20 young (20480K), 2 survivors (2048K)
 Metaspace       used 169037K, committed 170432K, reserved 1245184K
  class space    used 23376K, committed 24064K, reserved 1048576K
}
Event: 329.902 GC heap after
{Heap after GC invocations=93 (full 0):
 garbage-first heap   total 423936K, used 218202K [0x0000000080000000, 0x0000000100000000)
  region size 1024K, 3 young (3072K), 3 survivors (3072K)
 Metaspace       used 169037K, committed 170432K, reserved 1245184K
  class space    used 23376K, committed 24064K, reserved 1048576K
}
Event: 330.205 GC heap before
{Heap before GC invocations=93 (full 0):
 garbage-first heap   total 423936K, used 261210K [0x0000000080000000, 0x0000000100000000)
  region size 1024K, 46 young (47104K), 3 survivors (3072K)
 Metaspace       used 169193K, committed 170624K, reserved 1245184K
  class space    used 23380K, committed 24064K, reserved 1048576K
}
Event: 330.212 GC heap after
{Heap after GC invocations=94 (full 0):
 garbage-first heap   total 423936K, used 223606K [0x0000000080000000, 0x0000000100000000)
  region size 1024K, 9 young (9216K), 9 survivors (9216K)
 Metaspace       used 169193K, committed 170624K, reserved 1245184K
  class space    used 23380K, committed 24064K, reserved 1048576K
}
Event: 682.501 GC heap before
{Heap before GC invocations=95 (full 0):
 garbage-first heap   total 424960K, used 393590K [0x0000000080000000, 0x0000000100000000)
  region size 1024K, 142 young (145408K), 9 survivors (9216K)
 Metaspace       used 169447K, committed 170816K, reserved 1245184K
  class space    used 23387K, committed 24064K, reserved 1048576K
}
Event: 682.510 GC heap after
{Heap after GC invocations=96 (full 0):
 garbage-first heap   total 424960K, used 224687K [0x0000000080000000, 0x0000000100000000)
  region size 1024K, 10 young (10240K), 10 survivors (10240K)
 Metaspace       used 169447K, committed 170816K, reserved 1245184K
  class space    used 23387K, committed 24064K, reserved 1048576K
}
Event: 682.559 GC heap before
{Heap before GC invocations=96 (full 0):
 garbage-first heap   total 424960K, used 234927K [0x0000000080000000, 0x0000000100000000)
  region size 1024K, 20 young (20480K), 10 survivors (10240K)
 Metaspace       used 169516K, committed 170944K, reserved 1245184K
  class space    used 23396K, committed 24064K, reserved 1048576K
}
Event: 682.571 GC heap after
{Heap after GC invocations=97 (full 0):
 garbage-first heap   total 424960K, used 223650K [0x0000000080000000, 0x0000000100000000)
  region size 1024K, 2 young (2048K), 2 survivors (2048K)
 Metaspace       used 169516K, committed 170944K, reserved 1245184K
  class space    used 23396K, committed 24064K, reserved 1048576K
}
Event: 1019.888 GC heap before
{Heap before GC invocations=97 (full 0):
 garbage-first heap   total 424960K, used 364962K [0x0000000080000000, 0x0000000100000000)
  region size 1024K, 140 young (143360K), 2 survivors (2048K)
 Metaspace       used 169955K, committed 171456K, reserved 1245184K
  class space    used 23435K, committed 24192K, reserved 1048576K
}
Event: 1019.900 GC heap after
{Heap after GC invocations=98 (full 0):
 garbage-first heap   total 424960K, used 236443K [0x0000000080000000, 0x0000000100000000)
  region size 1024K, 15 young (15360K), 15 survivors (15360K)
 Metaspace       used 169955K, committed 171456K, reserved 1245184K
  class space    used 23435K, committed 24192K, reserved 1048576K
}
Event: 1123.063 GC heap before
{Heap before GC invocations=99 (full 0):
 garbage-first heap   total 432128K, used 373659K [0x0000000080000000, 0x0000000100000000)
  region size 1024K, 133 young (136192K), 15 survivors (15360K)
 Metaspace       used 170881K, committed 172736K, reserved 1245184K
  class space    used 23602K, committed 24448K, reserved 1048576K
}
Event: 1123.089 GC heap after
{Heap after GC invocations=100 (full 0):
 garbage-first heap   total 432128K, used 242911K [0x0000000080000000, 0x0000000100000000)
  region size 1024K, 6 young (6144K), 6 survivors (6144K)
 Metaspace       used 170881K, committed 172736K, reserved 1245184K
  class space    used 23602K, committed 24448K, reserved 1048576K
}
Event: 1123.151 GC heap before
{Heap before GC invocations=100 (full 0):
 garbage-first heap   total 432128K, used 257247K [0x0000000080000000, 0x0000000100000000)
  region size 1024K, 21 young (21504K), 6 survivors (6144K)
 Metaspace       used 170900K, committed 172736K, reserved 1245184K
  class space    used 23602K, committed 24448K, reserved 1048576K
}
Event: 1123.159 GC heap after
{Heap after GC invocations=101 (full 0):
 garbage-first heap   total 432128K, used 233784K [0x0000000080000000, 0x0000000100000000)
  region size 1024K, 3 young (3072K), 3 survivors (3072K)
 Metaspace       used 170900K, committed 172736K, reserved 1245184K
  class space    used 23602K, committed 24448K, reserved 1048576K
}

